<?xml version="1.0" encoding="UTF-8"?>
<!-- Generated by org.testng.reporters.JUnitReportReporter -->
<testsuite skipped="0" hostname="LAPTOP-VUQRLCJ2" name="pageTesting.MainpageTest" tests="1" failures="0" timestamp="10 Jul 2020 18:39:11 GMT" time="38.560" errors="0">
  <testcase name="loginTest" time="38.560" classname="pageTesting.MainpageTest"/>
</testsuite> <!-- pageTesting.MainpageTest -->
