<?xml version="1.0" encoding="UTF-8"?>
<!-- Generated by org.testng.reporters.JUnitReportReporter -->
<testsuite skipped="0" hostname="LAPTOP-VUQRLCJ2" name="pageTesting.Sample" tests="1" failures="0" timestamp="2020-06-14T01:07:41 IST" time="13.612" errors="0">
  <testcase name="Testing" time="13.612" classname="pageTesting.Sample"/>
  <system-out/>
</testsuite> <!-- pageTesting.Sample -->
